Tue Nov 12 13:25:18 2019 UTC - Module file name: C:\Program Files (x86)\Steam\gameoverlayrenderer.dll
Tue Nov 12 13:25:18 2019 UTC - GameID = 730
Tue Nov 12 13:25:18 2019 UTC - System page size: 4096
Tue Nov 12 13:25:18 2019 UTC - Hooking SetCursorPos, GetCursorPos, ShowCursor, and SetCursor
Tue Nov 12 13:25:18 2019 UTC - Modules at GameOverlayRenderer.dll attach
Tue Nov 12 13:25:18 2019 UTC - 01: csgo.exe - (00190000 to 002B3000)
Tue Nov 12 13:25:18 2019 UTC - 02: ntdll.dll - (77B80000 to 77D1C000)
Tue Nov 12 13:25:18 2019 UTC - 03: KERNEL32.DLL - (76B40000 to 76C20000)
Tue Nov 12 13:25:18 2019 UTC - 04: KERNELBASE.dll - (75360000 to 75559000)
Tue Nov 12 13:25:18 2019 UTC - 05: apphelp.dll - (651E0000 to 6527C000)
Tue Nov 12 13:25:18 2019 UTC - 06: AcGenral.DLL - (5F280000 to 5F4D0000)
Tue Nov 12 13:25:18 2019 UTC - 07: msvcrt.dll - (77630000 to 776F0000)
Tue Nov 12 13:25:18 2019 UTC - 08: sechost.dll - (770E0000 to 77159000)
Tue Nov 12 13:25:18 2019 UTC - 09: RPCRT4.dll - (752A0000 to 7535F000)
Tue Nov 12 13:25:18 2019 UTC - 10: SspiCli.dll - (751E0000 to 75200000)
Tue Nov 12 13:25:18 2019 UTC - 11: CRYPTBASE.dll - (751D0000 to 751DA000)
Tue Nov 12 13:25:18 2019 UTC - 12: bcryptPrimitives.dll - (76DE0000 to 76E42000)
Tue Nov 12 13:25:18 2019 UTC - 13: SHLWAPI.dll - (76A70000 to 76AB4000)
Tue Nov 12 13:25:18 2019 UTC - 14: combase.dll - (77890000 to 77B08000)
Tue Nov 12 13:25:18 2019 UTC - 15: ucrtbase.dll - (773E0000 to 77502000)
Tue Nov 12 13:25:18 2019 UTC - 16: GDI32.dll - (764C0000 to 764E3000)
Tue Nov 12 13:25:18 2019 UTC - 17: gdi32full.dll - (75560000 to 756C6000)
Tue Nov 12 13:25:18 2019 UTC - 18: msvcp_win.dll - (76AC0000 to 76B40000)
Tue Nov 12 13:25:18 2019 UTC - 19: USER32.dll - (75CC0000 to 75E5A000)
Tue Nov 12 13:25:18 2019 UTC - 20: win32u.dll - (77090000 to 770A7000)
Tue Nov 12 13:25:18 2019 UTC - 21: ole32.dll - (76C40000 to 76D3C000)
Tue Nov 12 13:25:18 2019 UTC - 22: advapi32.dll - (771C0000 to 7723E000)
Tue Nov 12 13:25:18 2019 UTC - 23: OLEAUT32.dll - (75200000 to 75296000)
Tue Nov 12 13:25:18 2019 UTC - 24: SHELL32.dll - (756D0000 to 75C23000)
Tue Nov 12 13:25:18 2019 UTC - 25: cfgmgr32.dll - (769A0000 to 769DB000)
Tue Nov 12 13:25:18 2019 UTC - 26: shcore.dll - (75C30000 to 75CB9000)
Tue Nov 12 13:25:18 2019 UTC - 27: windows.storage.dll - (75EC0000 to 764BE000)
Tue Nov 12 13:25:18 2019 UTC - 28: profapi.dll - (770C0000 to 770DC000)
Tue Nov 12 13:25:18 2019 UTC - 29: powrprof.dll - (764F0000 to 76544000)
Tue Nov 12 13:25:18 2019 UTC - 30: kernel.appcore.dll - (770B0000 to 770BF000)
Tue Nov 12 13:25:18 2019 UTC - 31: cryptsp.dll - (76C20000 to 76C32000)
Tue Nov 12 13:25:18 2019 UTC - 32: UxTheme.dll - (715C0000 to 7163B000)
Tue Nov 12 13:25:18 2019 UTC - 33: WINMM.dll - (74D20000 to 74D44000)
Tue Nov 12 13:25:18 2019 UTC - 34: samcli.dll - (600F0000 to 60105000)
Tue Nov 12 13:25:18 2019 UTC - 35: MSACM32.dll - (61E50000 to 61E69000)
Tue Nov 12 13:25:18 2019 UTC - 36: VERSION.dll - (74D10000 to 74D18000)
Tue Nov 12 13:25:18 2019 UTC - 37: USERENV.dll - (75110000 to 75133000)
Tue Nov 12 13:25:18 2019 UTC - 38: dwmapi.dll - (70180000 to 701A6000)
Tue Nov 12 13:25:18 2019 UTC - 39: CRYPT32.dll - (77240000 to 773D9000)
Tue Nov 12 13:25:18 2019 UTC - 40: MSASN1.dll - (76E50000 to 76E5E000)
Tue Nov 12 13:25:18 2019 UTC - 41: urlmon.dll - (6C4D0000 to 6C68E000)
Tue Nov 12 13:25:18 2019 UTC - 42: WINSPOOL.DRV - (71D60000 to 71DCB000)
Tue Nov 12 13:25:18 2019 UTC - 43: bcrypt.dll - (77610000 to 77629000)
Tue Nov 12 13:25:18 2019 UTC - 44: MPR.dll - (72B60000 to 72B78000)
Tue Nov 12 13:25:18 2019 UTC - 45: WINMMBASE.dll - (74CE0000 to 74D03000)
Tue Nov 12 13:25:18 2019 UTC - 46: iertutil.dll - (6C2A0000 to 6C4CF000)
Tue Nov 12 13:25:18 2019 UTC - 47: PROPSYS.dll - (71920000 to 71A9F000)
Tue Nov 12 13:25:18 2019 UTC - 48: IPHLPAPI.DLL - (749B0000 to 749E3000)
Tue Nov 12 13:25:18 2019 UTC - 49: IMM32.DLL - (75E70000 to 75E95000)
Tue Nov 12 13:25:18 2019 UTC - 50: gameoverlayrenderer.dll - (5FBD0000 to 5FD3D000)
Tue Nov 12 13:25:18 2019 UTC - 51: PSAPI.DLL - (75E60000 to 75E66000)
Tue Nov 12 13:25:18 2019 UTC - ----------------------------
Tue Nov 12 13:25:22 2019 UTC - Game is using D3D9 or D3D9Ex, preparing to hook.
Tue Nov 12 13:25:23 2019 UTC - hookDirect3DCreate9Ex called
Tue Nov 12 13:25:24 2019 UTC - Initializing Audio...
Tue Nov 12 13:25:24 2019 UTC - XInput Hooked XInputEnable Version 13
Tue Nov 12 13:25:24 2019 UTC - XInput Hooked XInputGetBatteryInformation Version 13
Tue Nov 12 13:25:24 2019 UTC - XInput Hooked XInputGetCapabilities Version 13
Tue Nov 12 13:25:24 2019 UTC - XInput Hooked XInputGetDSoundAudioDeviceGuids Version 13
Tue Nov 12 13:25:24 2019 UTC - XInput Hooked XInputGetKeystroke Version 13
Tue Nov 12 13:25:24 2019 UTC - XInput Hooked XInputGetState Version 13
Tue Nov 12 13:25:24 2019 UTC - XInput Hooked XInputGetStateEX Version 13
Tue Nov 12 13:25:24 2019 UTC - XInput Hooked XInputSetState Version 13
Tue Nov 12 13:25:24 2019 UTC - Game is using dinput.dll (dinput7), preparing to hook.
Tue Nov 12 13:25:24 2019 UTC - Game is using dxgi (dx10/dx11), preparing to hook.
Tue Nov 12 13:25:24 2019 UTC - DirectInputCreateW hook called
Tue Nov 12 13:25:29 2019 UTC - Creating IWrapWbemLocator
Tue Nov 12 13:25:29 2019 UTC - CoCreateInstance hook created WbemLocator interface 175F9B68
Tue Nov 12 13:25:29 2019 UTC - IWrapWbemLocator 175F9B68 deleting
Tue Nov 12 13:25:29 2019 UTC - IWrapIDirect3D9Ex::CreateDevice hook called (type: 1, behavior flags: 56!)
Tue Nov 12 13:25:29 2019 UTC - Creating D3D9Ex renderer
Tue Nov 12 13:25:29 2019 UTC - Trying to setup input hook...
Tue Nov 12 13:25:29 2019 UTC - Set input hook...
Tue Nov 12 13:25:38 2019 UTC - IAudioClient_Initialize - SUCCEEDED
Tue Nov 12 13:25:38 2019 UTC - Audio client initialized: 0x2652D590
Tue Nov 12 13:25:38 2019 UTC - Device:
Tue Nov 12 13:25:38 2019 UTC - Audio client mix format:
Tue Nov 12 13:25:38 2019 UTC - 	format: 65534
Tue Nov 12 13:25:38 2019 UTC - 	channels: 2
Tue Nov 12 13:25:38 2019 UTC - 	samples/sec: 192000
Tue Nov 12 13:25:38 2019 UTC - 	bytes/sec: 1536000
Tue Nov 12 13:25:38 2019 UTC - 	alignment: 8
Tue Nov 12 13:25:38 2019 UTC - 	bits/sample: 32
Tue Nov 12 13:25:38 2019 UTC - 	channel mask: 0x3
Tue Nov 12 13:25:38 2019 UTC - 	data format: {00000001-0000-0010-8000-00AA00389B71}
Tue Nov 12 13:25:38 2019 UTC - Audio hooked
Tue Nov 12 13:25:38 2019 UTC - Audio client started: 0x2652D590, 1
Tue Nov 12 13:25:38 2019 UTC - IAudioClient_Initialize - SUCCEEDED
Tue Nov 12 13:25:38 2019 UTC - Audio client initialized: 0x2652D818
Tue Nov 12 13:25:38 2019 UTC - Device:
Tue Nov 12 13:25:38 2019 UTC - Audio client mix format:
Tue Nov 12 13:25:38 2019 UTC - 	format: 65534
Tue Nov 12 13:25:38 2019 UTC - 	channels: 6
Tue Nov 12 13:25:38 2019 UTC - 	samples/sec: 192000
Tue Nov 12 13:25:38 2019 UTC - 	bytes/sec: 4608000
Tue Nov 12 13:25:38 2019 UTC - 	alignment: 24
Tue Nov 12 13:25:38 2019 UTC - 	bits/sample: 32
Tue Nov 12 13:25:38 2019 UTC - 	channel mask: 0x3f
Tue Nov 12 13:25:38 2019 UTC - 	data format: {00000003-0000-0010-8000-00AA00389B71}
Tue Nov 12 13:25:38 2019 UTC - Audio client started: 0x2652D818, 2
Tue Nov 12 13:25:40 2019 UTC - IAudioClient_Initialize - SUCCEEDED
Tue Nov 12 13:25:40 2019 UTC - Audio client initialized: 0x1CCC6788
Tue Nov 12 13:25:40 2019 UTC - Device:
Tue Nov 12 13:25:40 2019 UTC - Audio client mix format:
Tue Nov 12 13:25:40 2019 UTC - 	format: 1
Tue Nov 12 13:25:40 2019 UTC - 	channels: 1
Tue Nov 12 13:25:40 2019 UTC - 	samples/sec: 22050
Tue Nov 12 13:25:40 2019 UTC - 	bytes/sec: 44100
Tue Nov 12 13:25:40 2019 UTC - 	alignment: 2
Tue Nov 12 13:25:40 2019 UTC - 	bits/sample: 16
Tue Nov 12 13:25:40 2019 UTC - Audio client started: 0x1CCC6788, 3
Tue Nov 12 13:25:41 2019 UTC - IAudioClient_Initialize - SUCCEEDED
Tue Nov 12 13:25:41 2019 UTC - Audio client initialized: 0x2218E618
Tue Nov 12 13:25:41 2019 UTC - Device:
Tue Nov 12 13:25:41 2019 UTC - Audio client mix format:
Tue Nov 12 13:25:41 2019 UTC - 	format: 65534
Tue Nov 12 13:25:41 2019 UTC - 	channels: 2
Tue Nov 12 13:25:41 2019 UTC - 	samples/sec: 192000
Tue Nov 12 13:25:41 2019 UTC - 	bytes/sec: 1536000
Tue Nov 12 13:25:41 2019 UTC - 	alignment: 8
Tue Nov 12 13:25:41 2019 UTC - 	bits/sample: 32
Tue Nov 12 13:25:41 2019 UTC - 	channel mask: 0x3
Tue Nov 12 13:25:41 2019 UTC - 	data format: {00000001-0000-0010-8000-00AA00389B71}
Tue Nov 12 13:25:41 2019 UTC - Audio client started: 0x2218E618, 4
Tue Nov 12 13:25:41 2019 UTC - IAudioClient_Initialize - SUCCEEDED
Tue Nov 12 13:25:41 2019 UTC - Audio client initialized: 0x29DBF078
Tue Nov 12 13:25:41 2019 UTC - Device:
Tue Nov 12 13:25:41 2019 UTC - Audio client mix format:
Tue Nov 12 13:25:41 2019 UTC - 	format: 1
Tue Nov 12 13:25:41 2019 UTC - 	channels: 1
Tue Nov 12 13:25:41 2019 UTC - 	samples/sec: 22050
Tue Nov 12 13:25:41 2019 UTC - 	bytes/sec: 44100
Tue Nov 12 13:25:41 2019 UTC - 	alignment: 2
Tue Nov 12 13:25:41 2019 UTC - 	bits/sample: 16
Tue Nov 12 13:25:41 2019 UTC - Audio client started: 0x29DBF078, 5
Tue Nov 12 13:26:41 2019 UTC - IAudioClient_Initialize - SUCCEEDED
Tue Nov 12 13:26:41 2019 UTC - Audio client initialized: 0x322D25A0
Tue Nov 12 13:26:41 2019 UTC - Device:
Tue Nov 12 13:26:41 2019 UTC - Audio client mix format:
Tue Nov 12 13:26:41 2019 UTC - 	format: 1
Tue Nov 12 13:26:41 2019 UTC - 	channels: 1
Tue Nov 12 13:26:41 2019 UTC - 	samples/sec: 22050
Tue Nov 12 13:26:41 2019 UTC - 	bytes/sec: 44100
Tue Nov 12 13:26:41 2019 UTC - 	alignment: 2
Tue Nov 12 13:26:41 2019 UTC - 	bits/sample: 16
Tue Nov 12 13:26:41 2019 UTC - Audio client started: 0x322D25A0, 6
Tue Nov 12 13:27:04 2019 UTC - Detected hot-key via base input, now requesting overlay enable
Tue Nov 12 13:27:04 2019 UTC - 1 raw input devices to disable
Tue Nov 12 13:27:23 2019 UTC - Detected hot-key via base input, now requesting overlay disable
Tue Nov 12 13:27:23 2019 UTC - Restoring 1 raw input registrations (26f0)
Tue Nov 12 13:27:23 2019 UTC - Performing 0 queued raw input registrations
Tue Nov 12 13:27:53 2019 UTC - Detected hot-key via base input, now requesting overlay enable
Tue Nov 12 13:27:53 2019 UTC - 1 raw input devices to disable
Tue Nov 12 13:27:56 2019 UTC - Detected hot-key via base input, now requesting overlay disable
Tue Nov 12 13:27:56 2019 UTC - Restoring 1 raw input registrations (26f0)
Tue Nov 12 13:27:56 2019 UTC - Performing 0 queued raw input registrations
Tue Nov 12 13:28:37 2019 UTC - Detected hot-key via base input, now requesting overlay enable
Tue Nov 12 13:28:37 2019 UTC - 1 raw input devices to disable
Tue Nov 12 13:29:07 2019 UTC - Detected hot-key via base input, now requesting overlay disable
Tue Nov 12 13:29:07 2019 UTC - Restoring 1 raw input registrations (26f0)
Tue Nov 12 13:29:07 2019 UTC - Performing 0 queued raw input registrations
Tue Nov 12 13:31:29 2019 UTC - Releasing all resources for device: 1771DA60
Tue Nov 12 13:31:29 2019 UTC - Detaching input hook...
Tue Nov 12 13:31:29 2019 UTC - Found a hooked function in now unloaded module, removing from map.
Tue Nov 12 13:31:29 2019 UTC - Found a hooked function in now unloaded module, removing from map.
Tue Nov 12 13:31:29 2019 UTC - Found a hooked function in now unloaded module, removing from map.
Tue Nov 12 13:31:29 2019 UTC - Found a hooked function in now unloaded module, removing from map.
Tue Nov 12 13:31:29 2019 UTC - Found a hooked function in now unloaded module, removing from map.
Tue Nov 12 13:31:29 2019 UTC - Found a hooked function in now unloaded module, removing from map.
Tue Nov 12 13:31:29 2019 UTC - Found a hooked function in now unloaded module, removing from map.
Tue Nov 12 13:31:29 2019 UTC - Found a hooked function in now unloaded module, removing from map.
Tue Nov 12 13:31:29 2019 UTC - Found a hooked function in now unloaded module, removing from map.
Tue Nov 12 13:31:29 2019 UTC - Found a hooked function in now unloaded module, removing from map.
Tue Nov 12 13:31:29 2019 UTC - Found a hooked function in now unloaded module, removing from map.
Tue Nov 12 13:31:29 2019 UTC - Found a hooked function in now unloaded module, removing from map.
Tue Nov 12 13:31:29 2019 UTC - Found a hooked function in now unloaded module, removing from map.
Tue Nov 12 13:31:29 2019 UTC - Found a hooked function in now unloaded module, removing from map.
Tue Nov 12 13:31:29 2019 UTC - Found a hooked function in now unloaded module, removing from map.
Tue Nov 12 13:31:29 2019 UTC - Found a hooked function in now unloaded module, removing from map.
Tue Nov 12 13:31:29 2019 UTC - Found a hooked function in now unloaded module, removing from map.
Tue Nov 12 13:31:29 2019 UTC - Found a hooked function in now unloaded module, removing from map.
Tue Nov 12 13:31:29 2019 UTC - Found a hooked function in now unloaded module, removing from map.
Tue Nov 12 13:31:29 2019 UTC - Found a hooked function in now unloaded module, removing from map.
Tue Nov 12 13:31:29 2019 UTC - Found a hooked function in now unloaded module, removing from map.
Tue Nov 12 13:31:29 2019 UTC - GameOverlayRenderer.dll detaching
